<?xml version="1.0" encoding="UTF-8"?>
<testsuites name="Mocha Tests" time="4.990" tests="6" failures="0">
  <testsuite name="Root Suite" timestamp="2023-02-14T19:56:26" tests="0" file="cypress/integration/registration-form.js" time="0.000" failures="0">
  </testsuite>
  <testsuite name="E2E - The data validation" timestamp="2023-02-14T19:56:26" tests="6" time="4.821" failures="0">
    <testcase name="E2E - The data validation Kliknięcie na element" time="2.114" classname="Kliknięcie na element">
    </testcase>
    <testcase name="E2E - The data validation Wpisywanie wartości w pole" time="0.567" classname="Wpisywanie wartości w pole">
    </testcase>
    <testcase name="E2E - The data validation Wpisywanie wartości w pole" time="0.441" classname="Wpisywanie wartości w pole">
    </testcase>
    <testcase name="E2E - The data validation Wpisywanie wartości w pole" time="0.458" classname="Wpisywanie wartości w pole">
    </testcase>
    <testcase name="E2E - The data validation Wpisywanie wartości w pole" time="0.596" classname="Wpisywanie wartości w pole">
    </testcase>
    <testcase name="E2E - The data validation Kliknięcie na element" time="0.676" classname="Kliknięcie na element">
    </testcase>
  </testsuite>
</testsuites>