<?xml version="1.0" encoding="UTF-8"?>
<testsuites name="Mocha Tests" time="5.012" tests="6" failures="0">
  <testsuite name="Root Suite" timestamp="2023-02-14T19:54:06" tests="0" file="cypress/integration/registration-form.js" time="0.000" failures="0">
  </testsuite>
  <testsuite name="E2E - The data validation" timestamp="2023-02-14T19:54:06" tests="6" time="4.856" failures="0">
    <testcase name="E2E - The data validation Kliknięcie na element" time="2.317" classname="Kliknięcie na element">
    </testcase>
    <testcase name="E2E - The data validation Wpisywanie wartości w pole" time="0.445" classname="Wpisywanie wartości w pole">
    </testcase>
    <testcase name="E2E - The data validation Wpisywanie wartości w pole" time="0.461" classname="Wpisywanie wartości w pole">
    </testcase>
    <testcase name="E2E - The data validation Wpisywanie wartości w pole" time="0.437" classname="Wpisywanie wartości w pole">
    </testcase>
    <testcase name="E2E - The data validation Wpisywanie wartości w pole" time="0.574" classname="Wpisywanie wartości w pole">
    </testcase>
    <testcase name="E2E - The data validation Kliknięcie na element" time="0.667" classname="Kliknięcie na element">
    </testcase>
  </testsuite>
</testsuites>