{
  "stats": {
    "suites": 1,
    "tests": 6,
    "passes": 6,
    "pending": 0,
    "failures": 0,
    "start": "2023-02-14T19:54:06.828Z",
    "end": "2023-02-14T19:54:11.840Z",
    "duration": 4901,
    "testsRegistered": 6,
    "passPercent": 100,
    "pendingPercent": 0,
    "other": 0,
    "hasOther": false,
    "skipped": 0,
    "hasSkipped": false
  },
  "results": [
    {
      "uuid": "3b3ff165-86f5-469b-9289-621abfc19718",
      "title": "",
      "fullFile": "cypress/integration/registration-form.js",
      "file": "cypress/integration/registration-form.js",
      "beforeHooks": [],
      "afterHooks": [],
      "tests": [],
      "suites": [
        {
          "uuid": "b22e8fb5-0935-4826-93dd-c846e7e742ed",
          "title": "E2E - The data validation",
          "fullFile": "",
          "file": "",
          "beforeHooks": [],
          "afterHooks": [],
          "tests": [
            {
              "title": "Kliknięcie na element",
              "fullTitle": "E2E - The data validation Kliknięcie na element",
              "timedOut": null,
              "duration": 2317,
              "state": "passed",
              "speed": "fast",
              "pass": true,
              "fail": false,
              "pending": false,
              "context": null,
              "code": "cy.visit('http://127.0.0.1:5500/registration-form.html');\ncy.contains('[class=\"send\"]', 'Wyślij').click();",
              "err": {},
              "uuid": "cbbb8419-859b-46ea-b580-a5c40eece71d",
              "parentUUID": "b22e8fb5-0935-4826-93dd-c846e7e742ed",
              "isHook": false,
              "skipped": false
            },
            {
              "title": "Wpisywanie wartości w pole",
              "fullTitle": "E2E - The data validation Wpisywanie wartości w pole",
              "timedOut": null,
              "duration": 445,
              "state": "passed",
              "speed": "fast",
              "pass": true,
              "fail": false,
              "pending": false,
              "context": null,
              "code": "cy.get(\"#username\").type(\"Tester\", 1200);\ncy.contains('[class=\"send\"]', 'Wyślij').click();",
              "err": {},
              "uuid": "60415da1-e64e-4cce-b23a-770b216b8b1f",
              "parentUUID": "b22e8fb5-0935-4826-93dd-c846e7e742ed",
              "isHook": false,
              "skipped": false
            },
            {
              "title": "Wpisywanie wartości w pole",
              "fullTitle": "E2E - The data validation Wpisywanie wartości w pole",
              "timedOut": null,
              "duration": 461,
              "state": "passed",
              "speed": "fast",
              "pass": true,
              "fail": false,
              "pending": false,
              "context": null,
              "code": "cy.get(\"#password\").type(\"Tester123\", 1200);\ncy.contains('[class=\"send\"]', 'Wyślij').click();",
              "err": {},
              "uuid": "f3aaf082-4afb-41fd-9b9b-48477af5cf43",
              "parentUUID": "b22e8fb5-0935-4826-93dd-c846e7e742ed",
              "isHook": false,
              "skipped": false
            },
            {
              "title": "Wpisywanie wartości w pole",
              "fullTitle": "E2E - The data validation Wpisywanie wartości w pole",
              "timedOut": null,
              "duration": 437,
              "state": "passed",
              "speed": "fast",
              "pass": true,
              "fail": false,
              "pending": false,
              "context": null,
              "code": "cy.get(\"#password2\").type(\"Tester123\", 1200);\ncy.contains('[class=\"send\"]', 'Wyślij').click();",
              "err": {},
              "uuid": "c1aa99e8-a7e0-451b-a054-f24807ef4198",
              "parentUUID": "b22e8fb5-0935-4826-93dd-c846e7e742ed",
              "isHook": false,
              "skipped": false
            },
            {
              "title": "Wpisywanie wartości w pole",
              "fullTitle": "E2E - The data validation Wpisywanie wartości w pole",
              "timedOut": null,
              "duration": 574,
              "state": "passed",
              "speed": "fast",
              "pass": true,
              "fail": false,
              "pending": false,
              "context": null,
              "code": "cy.get(\"#email\").type(\"Tester@tester.pl\", 1200);\ncy.contains('[class=\"send\"]', 'Wyślij').click();",
              "err": {},
              "uuid": "5ba5be08-ad8a-4acb-aa93-8e4e050a7edc",
              "parentUUID": "b22e8fb5-0935-4826-93dd-c846e7e742ed",
              "isHook": false,
              "skipped": false
            },
            {
              "title": "Kliknięcie na element",
              "fullTitle": "E2E - The data validation Kliknięcie na element",
              "timedOut": null,
              "duration": 667,
              "state": "passed",
              "speed": "fast",
              "pass": true,
              "fail": false,
              "pending": false,
              "context": null,
              "code": "cy.contains('[class=\"close\"]', 'Zamknij').click();",
              "err": {},
              "uuid": "abd2a79b-92a0-478c-b731-a0dddce99e32",
              "parentUUID": "b22e8fb5-0935-4826-93dd-c846e7e742ed",
              "isHook": false,
              "skipped": false
            }
          ],
          "suites": [],
          "passes": [
            "cbbb8419-859b-46ea-b580-a5c40eece71d",
            "60415da1-e64e-4cce-b23a-770b216b8b1f",
            "f3aaf082-4afb-41fd-9b9b-48477af5cf43",
            "c1aa99e8-a7e0-451b-a054-f24807ef4198",
            "5ba5be08-ad8a-4acb-aa93-8e4e050a7edc",
            "abd2a79b-92a0-478c-b731-a0dddce99e32"
          ],
          "failures": [],
          "pending": [],
          "skipped": [],
          "duration": 4901,
          "root": false,
          "rootEmpty": false,
          "_timeout": 2000
        }
      ],
      "passes": [],
      "failures": [],
      "pending": [],
      "skipped": [],
      "duration": 0,
      "root": true,
      "rootEmpty": true,
      "_timeout": 2000
    }
  ],
  "meta": {
    "mocha": {
      "version": "7.0.1"
    },
    "mochawesome": {
      "options": {
        "quiet": false,
        "reportFilename": "mochawesome",
        "saveHtml": false,
        "saveJson": true,
        "consoleReporter": "spec",
        "useInlineDiffs": false,
        "code": true
      },
      "version": "7.1.3"
    },
    "marge": {
      "options": {
        "id": "default",
        "reportDir": "cypress/results/mochawesome",
        "overwrite": false,
        "html": false,
        "json": true
      },
      "version": "6.2.0"
    }
  }
}